# JRE version: Java(TM) SE Runtime Environment (17.0.1+12) (build 17.0.1+12-LTS-39)
# Java VM: Java HotSpot(TM) 64-Bit Server VM (17.0.1+12-LTS-39, mixed mode, sharing, tiered, compressed oops, compressed class ptrs, g1 gc, windows-amd64)
GC Precious Log:
 CPUs: 2 total, 2 available
 Memory: 3470M
 Large Page Support: Disabled
 NUMA Support: Disabled
 Compressed Oops: Enabled (32-bit)
 Heap Region Size: 1M
 Heap Min Capacity: 8M
 Heap Initial Capacity: 56M
 Heap Max Capacity: 868M
 Pre-touch: Disabled
 Parallel Workers: 2
 Concurrent Workers: 1
 Concurrent Refinement Workers: 2
 Periodic GC: Disabled
Heap:
 garbage-first heap   total 75776K, used 38338K [0x00000000c9c00000, 0x0000000100000000)
  region size 1024K, 1 young (1024K), 1 survivors (1024K)
 Metaspace       used 25854K, committed 26176K, reserved 1073152K
  class space    used 2866K, committed 3008K, reserved 1048576K
GC Heap History (20 events):
Event: 35.926 GC heap after
{Heap after GC invocations=14 (full 0):
 garbage-first heap   total 57344K, used 28949K [0x00000000c9c00000, 0x0000000100000000)
  region size 1024K, 3 young (3072K), 3 survivors (3072K)
 Metaspace       used 24258K, committed 24640K, reserved 1073152K
  class space    used 2687K, committed 2880K, reserved 1048576K
}
Event: 41.441 GC heap before
{Heap before GC invocations=15 (full 0):
 garbage-first heap   total 57344K, used 44309K [0x00000000c9c00000, 0x0000000100000000)
  region size 1024K, 18 young (18432K), 3 survivors (3072K)
 Metaspace       used 24967K, committed 25344K, reserved 1073152K
  class space    used 2769K, committed 2944K, reserved 1048576K
}
Event: 41.449 GC heap after
{Heap after GC invocations=16 (full 0):
 garbage-first heap   total 57344K, used 32152K [0x00000000c9c00000, 0x0000000100000000)
  region size 1024K, 3 young (3072K), 3 survivors (3072K)
 Metaspace       used 24967K, committed 25344K, reserved 1073152K
  class space    used 2769K, committed 2944K, reserved 1048576K
}
Event: 46.564 GC heap before
{Heap before GC invocations=16 (full 0):
 garbage-first heap   total 57344K, used 38296K [0x00000000c9c00000, 0x0000000100000000)
  region size 1024K, 10 young (10240K), 3 survivors (3072K)
 Metaspace       used 25756K, committed 26048K, reserved 1073152K
  class space    used 2866K, committed 3008K, reserved 1048576K
}
Event: 46.570 GC heap after
{Heap after GC invocations=17 (full 0):
 garbage-first heap   total 57344K, used 31372K [0x00000000c9c00000, 0x0000000100000000)
  region size 1024K, 1 young (1024K), 1 survivors (1024K)
 Metaspace       used 25756K, committed 26048K, reserved 1073152K
  class space    used 2866K, committed 3008K, reserved 1048576K
}
Event: 46.581 GC heap before
{Heap before GC invocations=17 (full 0):
 garbage-first heap   total 57344K, used 44684K [0x00000000c9c00000, 0x0000000100000000)
  region size 1024K, 14 young (14336K), 1 survivors (1024K)
 Metaspace       used 25756K, committed 26048K, reserved 1073152K
  class space    used 2866K, committed 3008K, reserved 1048576K
}
Event: 46.584 GC heap after
{Heap after GC invocations=18 (full 0):
 garbage-first heap   total 57344K, used 32538K [0x00000000c9c00000, 0x0000000100000000)
  region size 1024K, 1 young (1024K), 1 survivors (1024K)
 Metaspace       used 25756K, committed 26048K, reserved 1073152K
  class space    used 2866K, committed 3008K, reserved 1048576K
}
Event: 46.587 GC heap before
{Heap before GC invocations=18 (full 0):
 garbage-first heap   total 57344K, used 44826K [0x00000000c9c00000, 0x0000000100000000)
  region size 1024K, 14 young (14336K), 1 survivors (1024K)
 Metaspace       used 25756K, committed 26048K, reserved 1073152K
  class space    used 2866K, committed 3008K, reserved 1048576K
}
Event: 46.589 GC heap after
{Heap after GC invocations=19 (full 0):
 garbage-first heap   total 57344K, used 32454K [0x00000000c9c00000, 0x0000000100000000)
  region size 1024K, 1 young (1024K), 1 survivors (1024K)
 Metaspace       used 25756K, committed 26048K, reserved 1073152K
  class space    used 2866K, committed 3008K, reserved 1048576K
}
Event: 46.969 GC heap before
{Heap before GC invocations=20 (full 0):
 garbage-first heap   total 75776K, used 44742K [0x00000000c9c00000, 0x0000000100000000)
  region size 1024K, 14 young (14336K), 1 survivors (1024K)
 Metaspace       used 25758K, committed 26048K, reserved 1073152K
  class space    used 2866K, committed 3008K, reserved 1048576K
}
Event: 46.972 GC heap after
{Heap after GC invocations=21 (full 0):
 garbage-first heap   total 75776K, used 31409K [0x00000000c9c00000, 0x0000000100000000)
  region size 1024K, 1 young (1024K), 1 survivors (1024K)
 Metaspace       used 25758K, committed 26048K, reserved 1073152K
  class space    used 2866K, committed 3008K, reserved 1048576K
}
Event: 47.884 GC heap before
{Heap before GC invocations=21 (full 0):
 garbage-first heap   total 75776K, used 33457K [0x00000000c9c00000, 0x0000000100000000)
  region size 1024K, 4 young (4096K), 1 survivors (1024K)
 Metaspace       used 25758K, committed 26048K, reserved 1073152K
  class space    used 2866K, committed 3008K, reserved 1048576K
}
Event: 47.889 GC heap after
{Heap after GC invocations=22 (full 0):
 garbage-first heap   total 75776K, used 27655K [0x00000000c9c00000, 0x0000000100000000)
  region size 1024K, 1 young (1024K), 1 survivors (1024K)
 Metaspace       used 25758K, committed 26048K, reserved 1073152K
  class space    used 2866K, committed 3008K, reserved 1048576K
}
Event: 59.011 GC heap before
{Heap before GC invocations=22 (full 0):
 garbage-first heap   total 75776K, used 58375K [0x00000000c9c00000, 0x0000000100000000)
  region size 1024K, 30 young (30720K), 1 survivors (1024K)
 Metaspace       used 25823K, committed 26112K, reserved 1073152K
  class space    used 2866K, committed 3008K, reserved 1048576K
}
Event: 59.078 GC heap after
{Heap after GC invocations=23 (full 0):
 garbage-first heap   total 75776K, used 38019K [0x00000000c9c00000, 0x0000000100000000)
  region size 1024K, 4 young (4096K), 4 survivors (4096K)
 Metaspace       used 25823K, committed 26112K, reserved 1073152K
  class space    used 2866K, committed 3008K, reserved 1048576K
}
Event: 59.087 GC heap before
{Heap before GC invocations=23 (full 0):
 garbage-first heap   total 75776K, used 57475K [0x00000000c9c00000, 0x0000000100000000)
  region size 1024K, 24 young (24576K), 4 survivors (4096K)
 Metaspace       used 25823K, committed 26112K, reserved 1073152K
  class space    used 2866K, committed 3008K, reserved 1048576K
}
Event: 59.105 GC heap after
{Heap after GC invocations=24 (full 0):
 garbage-first heap   total 75776K, used 38283K [0x00000000c9c00000, 0x0000000100000000)
  region size 1024K, 1 young (1024K), 1 survivors (1024K)
 Metaspace       used 25823K, committed 26112K, reserved 1073152K
  class space    used 2866K, committed 3008K, reserved 1048576K
}
Event: 62.610 GC heap before
{Heap before GC invocations=25 (full 0):
 garbage-first heap   total 75776K, used 57739K [0x00000000c9c00000, 0x0000000100000000)
  region size 1024K, 21 young (21504K), 1 survivors (1024K)
 Metaspace       used 25851K, committed 26176K, reserved 1073152K
  class space    used 2866K, committed 3008K, reserved 1048576K
}
Event: 62.696 GC heap after
{Heap after GC invocations=26 (full 0):
 garbage-first heap   total 75776K, used 41757K [0x00000000c9c00000, 0x0000000100000000)
  region size 1024K, 3 young (3072K), 3 survivors (3072K)
 Metaspace       used 25851K, committed 26176K, reserved 1073152K
  class space    used 2866K, committed 3008K, reserved 1048576K
}
Event: 62.942 GC heap before
{Heap before GC invocations=26 (full 0):
 garbage-first heap   total 75776K, used 43805K [0x00000000c9c00000, 0x0000000100000000)
  region size 1024K, 5 young (5120K), 3 survivors (3072K)
 Metaspace       used 25854K, committed 26176K, reserved 1073152K
  class space    used 2866K, committed 3008K, reserved 1048576K
}

